<?xml version="1.0" encoding="UTF-8"?>
<!-- Generated by org.testng.reporters.JUnitReportReporter -->
<testsuite hostname="LAPTOP-BRK3FTAT" name="qaclickacademy.RestAPITest" tests="2" failures="0" timestamp="6 Apr 2021 17:49:20 GMT" time="0.003" errors="0">
  <testcase name="PostJira" time="0.002" classname="qaclickacademy.RestAPITest"/>
  <testcase name="deleteTwitter" time="0.001" classname="qaclickacademy.RestAPITest"/>
</testsuite> <!-- qaclickacademy.RestAPITest -->
