<?xml version="1.0" encoding="UTF-8"?>
<!-- Generated by org.testng.reporters.JUnitReportReporter -->
<testsuite hostname="LAPTOP-BRK3FTAT" name="qaclickacademy.SeleniumTest" tests="2" failures="0" timestamp="6 Apr 2021 17:49:20 GMT" time="0.019" errors="0">
  <testcase name="BrowserAutomation" time="0.017" classname="qaclickacademy.SeleniumTest"/>
  <testcase name="ElementsUI" time="0.002" classname="qaclickacademy.SeleniumTest"/>
</testsuite> <!-- qaclickacademy.SeleniumTest -->
