<?xml version="1.0" encoding="UTF-8"?>
<!-- Generated by org.testng.reporters.JUnitReportReporter -->
<testsuite skipped="0" hostname="LAPTOP-BRK3FTAT" name="qaclickacademy.AppiumTest" tests="2" failures="0" timestamp="2021-04-06T17:59:16 IST" time="0.003" errors="0">
  <testcase name="IosApps" time="0.001" classname="qaclickacademy.AppiumTest"/>
  <system-out/>
  <testcase name="NativeAppAndroid" time="0.002" classname="qaclickacademy.AppiumTest"/>
  <system-out/>
</testsuite> <!-- qaclickacademy.AppiumTest -->
