<?xml version="1.0" encoding="UTF-8"?>
<!-- Generated by org.testng.reporters.JUnitReportReporter -->
<testsuite skipped="0" hostname="LAPTOP-BRK3FTAT" name="qaclickacademy.RestAPITest" tests="2" failures="0" timestamp="2021-04-06T17:59:16 IST" time="0.001" errors="0">
  <testcase name="PostJira" time="0.000" classname="qaclickacademy.RestAPITest"/>
  <system-out/>
  <testcase name="deleteTwitter" time="0.001" classname="qaclickacademy.RestAPITest"/>
  <system-out/>
</testsuite> <!-- qaclickacademy.RestAPITest -->
